[2022-02-09T16:18:08.021] [DEBUG] cheese - login => username:admin,password:123456
[2022-02-09T16:18:08.025] [DEBUG] cheese - admin
[2022-02-09T16:18:08.043] [DEBUG] cheese - null
[2022-02-09T16:18:08.043] [DEBUG] cheese - null
[2022-02-09T16:18:23.185] [DEBUG] cheese - login => username:admin,password:123456
[2022-02-09T16:18:23.186] [DEBUG] cheese - admin
[2022-02-09T16:18:23.190] [DEBUG] cheese - null
[2022-02-09T16:18:23.190] [DEBUG] cheese - null
[2022-02-09T16:18:30.838] [DEBUG] cheese - login => username:admin,password:fsfsfdsf
[2022-02-09T16:18:30.838] [DEBUG] cheese - admin
[2022-02-09T16:18:30.840] [DEBUG] cheese - null
[2022-02-09T16:18:30.840] [DEBUG] cheese - null
[2022-02-09T16:18:34.664] [DEBUG] cheese - login => username:adminsd,password:fsfsfdsf
[2022-02-09T16:18:34.664] [DEBUG] cheese - adminsd
[2022-02-09T16:18:34.667] [DEBUG] cheese - null
[2022-02-09T16:18:34.667] [DEBUG] cheese - null
[2022-02-09T16:18:44.132] [DEBUG] cheese - login => username:admin,password:fsfsfdsf
[2022-02-09T16:18:44.132] [DEBUG] cheese - admin
[2022-02-09T16:18:44.134] [DEBUG] cheese - null
[2022-02-09T16:18:44.134] [DEBUG] cheese - null
[2022-02-09T16:18:55.122] [DEBUG] cheese - login => username:admin,password:123456

[2022-02-09T16:18:55.122] [DEBUG] cheese - admin
[2022-02-09T16:18:55.124] [DEBUG] cheese - null
[2022-02-09T16:18:55.124] [DEBUG] cheese - null
[2022-02-09T16:19:02.282] [DEBUG] cheese - login => username:admin,password:123456
[2022-02-09T16:19:02.282] [DEBUG] cheese - admin
[2022-02-09T16:19:02.284] [DEBUG] cheese - null
[2022-02-09T16:19:02.284] [DEBUG] cheese - null
[2022-02-10T15:28:54.760] [DEBUG] cheese - login => username:admin,password:123456
[2022-02-10T15:28:54.763] [DEBUG] cheese - admin
[2022-02-10T15:28:54.838] [DEBUG] cheese - null
[2022-02-10T15:28:54.839] [DEBUG] cheese - null
[2022-02-10T15:29:04.752] [DEBUG] cheese - login => username:admina,password:123456
[2022-02-10T15:29:04.753] [DEBUG] cheese - admina
[2022-02-10T15:29:04.755] [DEBUG] cheese - null
[2022-02-10T15:29:04.755] [DEBUG] cheese - null
[2022-02-10T15:29:08.460] [DEBUG] cheese - login => username:admin,password:123456
[2022-02-10T15:29:08.460] [DEBUG] cheese - admin
[2022-02-10T15:29:08.464] [DEBUG] cheese - null
[2022-02-10T15:29:08.464] [DEBUG] cheese - null
[2022-02-10T15:33:11.026] [DEBUG] cheese - login => username:aaaaa,password:aaaaaaaaa
[2022-02-10T15:33:11.026] [DEBUG] cheese - aaaaa
[2022-02-10T15:33:11.028] [DEBUG] cheese - null
[2022-02-10T15:33:11.028] [DEBUG] cheese - null
[2022-02-10T15:33:42.258] [DEBUG] cheese - login => username:aaaaaa,password:aaaaa
[2022-02-10T15:33:42.259] [DEBUG] cheese - aaaaaa
[2022-02-10T15:33:42.261] [DEBUG] cheese - null
[2022-02-10T15:33:42.261] [DEBUG] cheese - null
[2022-02-10T15:34:00.201] [DEBUG] cheese - login => username:aaaaa,password:aaaaa
[2022-02-10T15:34:00.201] [DEBUG] cheese - aaaaa
[2022-02-10T15:34:00.203] [DEBUG] cheese - null
[2022-02-10T15:34:00.203] [DEBUG] cheese - null
[2022-02-10T15:36:23.862] [DEBUG] cheese - login => username:aaaaaa,password:aaaaaaa
[2022-02-10T15:36:23.862] [DEBUG] cheese - aaaaaa
[2022-02-10T15:36:23.865] [DEBUG] cheese - null
[2022-02-10T15:36:23.865] [DEBUG] cheese - null
[2022-02-10T15:36:24.986] [DEBUG] cheese - login => username:aaaaaa,password:aaaaaaa
[2022-02-10T15:36:24.986] [DEBUG] cheese - aaaaaa
[2022-02-10T15:36:24.988] [DEBUG] cheese - null
[2022-02-10T15:36:24.988] [DEBUG] cheese - null
[2022-02-10T15:36:25.347] [DEBUG] cheese - login => username:aaaaaa,password:aaaaaaa
[2022-02-10T15:36:25.347] [DEBUG] cheese - aaaaaa
[2022-02-10T15:36:25.349] [DEBUG] cheese - null
[2022-02-10T15:36:25.350] [DEBUG] cheese - null
[2022-02-10T15:36:25.561] [DEBUG] cheese - login => username:aaaaaa,password:aaaaaaa
[2022-02-10T15:36:25.561] [DEBUG] cheese - aaaaaa
[2022-02-10T15:36:25.562] [DEBUG] cheese - null
[2022-02-10T15:36:25.563] [DEBUG] cheese - null
[2022-02-10T15:36:25.697] [DEBUG] cheese - login => username:aaaaaa,password:aaaaaaa
[2022-02-10T15:36:25.697] [DEBUG] cheese - aaaaaa
[2022-02-10T15:36:25.699] [DEBUG] cheese - null
[2022-02-10T15:36:25.699] [DEBUG] cheese - null
[2022-02-10T15:36:57.697] [DEBUG] cheese - login => username:admin,password:123456
[2022-02-10T15:36:57.697] [DEBUG] cheese - admin
[2022-02-10T15:36:57.699] [DEBUG] cheese - null
[2022-02-10T15:36:57.700] [DEBUG] cheese - null
[2022-02-10T15:37:12.214] [DEBUG] cheese - login => username:aaaaaa,password:aaaaaaaaaaaaaa
[2022-02-10T15:37:12.214] [DEBUG] cheese - aaaaaa
[2022-02-10T15:37:12.216] [DEBUG] cheese - null
[2022-02-10T15:37:12.216] [DEBUG] cheese - null
[2022-02-10T15:37:13.337] [DEBUG] cheese - login => username:aaaaaa,password:aaaaaaaaaaaaaa
[2022-02-10T15:37:13.337] [DEBUG] cheese - aaaaaa
[2022-02-10T15:37:13.340] [DEBUG] cheese - null
[2022-02-10T15:37:13.340] [DEBUG] cheese - null
[2022-02-10T15:37:13.813] [DEBUG] cheese - login => username:aaaaaa,password:aaaaaaaaaaaaaa
[2022-02-10T15:37:13.813] [DEBUG] cheese - aaaaaa
[2022-02-10T15:37:13.815] [DEBUG] cheese - null
[2022-02-10T15:37:13.815] [DEBUG] cheese - null
[2022-02-10T15:37:14.050] [DEBUG] cheese - login => username:aaaaaa,password:aaaaaaaaaaaaaa
[2022-02-10T15:37:14.050] [DEBUG] cheese - aaaaaa
[2022-02-10T15:37:14.052] [DEBUG] cheese - null
[2022-02-10T15:37:14.052] [DEBUG] cheese - null
[2022-02-10T15:37:14.445] [DEBUG] cheese - login => username:aaaaaa,password:aaaaaaaaaaaaaa
[2022-02-10T15:37:14.445] [DEBUG] cheese - aaaaaa
[2022-02-10T15:37:14.447] [DEBUG] cheese - null
[2022-02-10T15:37:14.447] [DEBUG] cheese - null
[2022-02-10T15:37:14.715] [DEBUG] cheese - login => username:aaaaaa,password:aaaaaaaaaaaaaa
[2022-02-10T15:37:14.716] [DEBUG] cheese - aaaaaa
[2022-02-10T15:37:14.717] [DEBUG] cheese - null
[2022-02-10T15:37:14.717] [DEBUG] cheese - null
[2022-02-10T15:37:15.798] [DEBUG] cheese - login => username:aaaaaa,password:aaaaaaaaaaaaaa
[2022-02-10T15:37:15.798] [DEBUG] cheese - aaaaaa
[2022-02-10T15:37:15.800] [DEBUG] cheese - null
[2022-02-10T15:37:15.800] [DEBUG] cheese - null
[2022-02-10T15:37:15.868] [DEBUG] cheese - login => username:aaaaaa,password:aaaaaaaaaaaaaa
[2022-02-10T15:37:15.868] [DEBUG] cheese - aaaaaa
[2022-02-10T15:37:15.871] [DEBUG] cheese - null
[2022-02-10T15:37:15.871] [DEBUG] cheese - null
[2022-02-10T15:37:16.561] [DEBUG] cheese - login => username:aaaaaa,password:aaaaaaaaaaaaaa
[2022-02-10T15:37:16.561] [DEBUG] cheese - aaaaaa
[2022-02-10T15:37:16.562] [DEBUG] cheese - null
[2022-02-10T15:37:16.563] [DEBUG] cheese - null
[2022-02-10T15:37:16.932] [DEBUG] cheese - login => username:aaaaaa,password:aaaaaaaaaaaaaa
[2022-02-10T15:37:16.932] [DEBUG] cheese - aaaaaa
[2022-02-10T15:37:16.934] [DEBUG] cheese - null
[2022-02-10T15:37:16.934] [DEBUG] cheese - null
[2022-02-10T15:37:17.044] [DEBUG] cheese - login => username:aaaaaa,password:aaaaaaaaaaaaaa
[2022-02-10T15:37:17.045] [DEBUG] cheese - aaaaaa
[2022-02-10T15:37:17.046] [DEBUG] cheese - null
[2022-02-10T15:37:17.046] [DEBUG] cheese - null
[2022-02-10T15:37:17.265] [DEBUG] cheese - login => username:aaaaaa,password:aaaaaaaaaaaaaa
[2022-02-10T15:37:17.265] [DEBUG] cheese - aaaaaa
[2022-02-10T15:37:17.267] [DEBUG] cheese - null
[2022-02-10T15:37:17.267] [DEBUG] cheese - null
[2022-02-10T15:37:17.531] [DEBUG] cheese - login => username:aaaaaa,password:aaaaaaaaaaaaaa
[2022-02-10T15:37:17.531] [DEBUG] cheese - aaaaaa
[2022-02-10T15:37:17.533] [DEBUG] cheese - null
[2022-02-10T15:37:17.533] [DEBUG] cheese - null
[2022-02-10T15:37:17.993] [DEBUG] cheese - login => username:aaaaaa,password:aaaaaaaaaaaaaa
[2022-02-10T15:37:17.993] [DEBUG] cheese - aaaaaa
[2022-02-10T15:37:17.994] [DEBUG] cheese - null
[2022-02-10T15:37:17.994] [DEBUG] cheese - null
[2022-02-10T15:37:34.161] [DEBUG] cheese - login => username:aaa,password:aaaaaaaaaa
[2022-02-10T15:37:34.161] [DEBUG] cheese - aaa
[2022-02-10T15:37:34.163] [DEBUG] cheese - null
[2022-02-10T15:37:34.163] [DEBUG] cheese - null
[2022-02-10T15:37:35.769] [DEBUG] cheese - login => username:aaa,password:aaaaaaaaaa
[2022-02-10T15:37:35.770] [DEBUG] cheese - aaa
[2022-02-10T15:37:35.771] [DEBUG] cheese - null
[2022-02-10T15:37:35.771] [DEBUG] cheese - null
[2022-02-10T15:37:35.927] [DEBUG] cheese - login => username:aaa,password:aaaaaaaaaa
[2022-02-10T15:37:35.927] [DEBUG] cheese - aaa
[2022-02-10T15:37:35.929] [DEBUG] cheese - null
[2022-02-10T15:37:35.929] [DEBUG] cheese - null
[2022-02-10T15:37:36.247] [DEBUG] cheese - login => username:aaa,password:aaaaaaaaaa
[2022-02-10T15:37:36.247] [DEBUG] cheese - aaa
[2022-02-10T15:37:36.248] [DEBUG] cheese - null
[2022-02-10T15:37:36.248] [DEBUG] cheese - null
[2022-02-10T15:37:36.383] [DEBUG] cheese - login => username:aaa,password:aaaaaaaaaa
[2022-02-10T15:37:36.383] [DEBUG] cheese - aaa
[2022-02-10T15:37:36.385] [DEBUG] cheese - null
[2022-02-10T15:37:36.386] [DEBUG] cheese - null
[2022-02-10T15:37:36.536] [DEBUG] cheese - login => username:aaa,password:aaaaaaaaaa
[2022-02-10T15:37:36.537] [DEBUG] cheese - aaa
[2022-02-10T15:37:36.538] [DEBUG] cheese - null
[2022-02-10T15:37:36.538] [DEBUG] cheese - null
[2022-02-10T15:37:45.004] [DEBUG] cheese - login => username:admin,password:123456
[2022-02-10T15:37:45.004] [DEBUG] cheese - admin
[2022-02-10T15:37:45.006] [DEBUG] cheese - null
[2022-02-10T15:37:45.007] [DEBUG] cheese - null
[2022-02-10T15:48:21.928] [DEBUG] cheese - login => username:admin,password:123456
[2022-02-10T15:48:21.928] [DEBUG] cheese - admin
[2022-02-10T15:48:21.932] [DEBUG] cheese - null
[2022-02-10T15:48:21.932] [DEBUG] cheese - null
[2022-02-10T15:48:41.376] [DEBUG] cheese - login => username:admin,password:123456
[2022-02-10T15:48:41.376] [DEBUG] cheese - admin
[2022-02-10T15:48:41.378] [DEBUG] cheese - null
[2022-02-10T15:48:41.378] [DEBUG] cheese - null
[2022-02-10T15:48:57.662] [DEBUG] cheese - login => username:admin,password:123456
[2022-02-10T15:48:57.662] [DEBUG] cheese - admin
[2022-02-10T15:48:57.665] [DEBUG] cheese - null
[2022-02-10T15:48:57.665] [DEBUG] cheese - null
[2022-02-10T15:49:00.680] [DEBUG] cheese - login => username:admin,password:123456A
[2022-02-10T15:49:00.680] [DEBUG] cheese - admin
[2022-02-10T15:49:00.682] [DEBUG] cheese - null
[2022-02-10T15:49:00.682] [DEBUG] cheese - null
[2022-02-10T16:30:47.889] [DEBUG] cheese - login => username:admin,password:123456
[2022-02-10T16:30:47.889] [DEBUG] cheese - admin
[2022-02-10T16:30:47.892] [DEBUG] cheese - null
[2022-02-10T16:30:47.892] [DEBUG] cheese - null
[2022-02-10T16:31:13.389] [DEBUG] cheese - login => username:admin,password:123456
[2022-02-10T16:31:13.389] [DEBUG] cheese - admin
[2022-02-10T16:31:13.391] [DEBUG] cheese - null
[2022-02-10T16:31:13.391] [DEBUG] cheese - null
[2022-02-10T16:34:10.099] [DEBUG] cheese - login => username:admin,password:123456
[2022-02-10T16:34:10.100] [DEBUG] cheese - admin
[2022-02-10T16:34:10.101] [DEBUG] cheese - null
[2022-02-10T16:34:10.101] [DEBUG] cheese - null
[2022-02-10T16:34:12.014] [DEBUG] cheese - login => username:admin,password:123456
[2022-02-10T16:34:12.014] [DEBUG] cheese - admin
[2022-02-10T16:34:12.016] [DEBUG] cheese - null
[2022-02-10T16:34:12.016] [DEBUG] cheese - null
[2022-02-10T16:34:18.372] [DEBUG] cheese - login => username:admin,password:123456
[2022-02-10T16:34:18.372] [DEBUG] cheese - admin
[2022-02-10T16:34:18.374] [DEBUG] cheese - null
[2022-02-10T16:34:18.374] [DEBUG] cheese - null
[2022-02-10T16:39:37.136] [DEBUG] cheese - login => username:admin,password:123456
[2022-02-10T16:39:37.136] [DEBUG] cheese - admin
[2022-02-10T16:39:37.138] [DEBUG] cheese - null
[2022-02-10T16:39:37.138] [DEBUG] cheese - null
[2022-02-10T16:55:06.196] [DEBUG] cheese - login => username:admin,password:123456
[2022-02-10T16:55:06.196] [DEBUG] cheese - admin
[2022-02-10T16:55:06.199] [DEBUG] cheese - null
[2022-02-10T16:55:06.199] [DEBUG] cheese - null
[2022-02-10T16:55:09.242] [DEBUG] cheese - login => username:admin,password:123456
[2022-02-10T16:55:09.242] [DEBUG] cheese - admin
[2022-02-10T16:55:09.243] [DEBUG] cheese - null
[2022-02-10T16:55:09.243] [DEBUG] cheese - null
[2022-02-10T16:55:09.966] [DEBUG] cheese - login => username:admin,password:123456
[2022-02-10T16:55:09.966] [DEBUG] cheese - admin
[2022-02-10T16:55:09.969] [DEBUG] cheese - null
[2022-02-10T16:55:09.969] [DEBUG] cheese - null
[2022-02-10T16:55:11.804] [DEBUG] cheese - login => username:admin,password:123456
[2022-02-10T16:55:11.805] [DEBUG] cheese - admin
[2022-02-10T16:55:11.806] [DEBUG] cheese - null
[2022-02-10T16:55:11.806] [DEBUG] cheese - null
[2022-02-10T16:55:20.739] [DEBUG] cheese - login => username:admin,password:123456
[2022-02-10T16:55:20.739] [DEBUG] cheese - admin
[2022-02-10T16:55:20.742] [DEBUG] cheese - null
[2022-02-10T16:55:20.742] [DEBUG] cheese - null
[2022-02-10T16:55:20.895] [DEBUG] cheese - login => username:admin,password:123456
[2022-02-10T16:55:20.896] [DEBUG] cheese - admin
[2022-02-10T16:55:20.897] [DEBUG] cheese - null
[2022-02-10T16:55:20.897] [DEBUG] cheese - null
[2022-02-10T16:55:21.057] [DEBUG] cheese - login => username:admin,password:123456
[2022-02-10T16:55:21.057] [DEBUG] cheese - admin
[2022-02-10T16:55:21.059] [DEBUG] cheese - null
[2022-02-10T16:55:21.059] [DEBUG] cheese - null
[2022-02-10T16:55:26.042] [DEBUG] cheese - login => username:admina,password:123456aaaa
[2022-02-10T16:55:26.042] [DEBUG] cheese - admina
[2022-02-10T16:55:26.044] [DEBUG] cheese - null
[2022-02-10T16:55:26.044] [DEBUG] cheese - null
[2022-02-10T16:55:28.204] [DEBUG] cheese - login => username:admin,password:123456
[2022-02-10T16:55:28.204] [DEBUG] cheese - admin
[2022-02-10T16:55:28.206] [DEBUG] cheese - null
[2022-02-10T16:55:28.206] [DEBUG] cheese - null
[2022-02-10T16:55:29.677] [DEBUG] cheese - login => username:admin,password:123456adasd
[2022-02-10T16:55:29.677] [DEBUG] cheese - admin
[2022-02-10T16:55:29.681] [DEBUG] cheese - null
[2022-02-10T16:55:29.681] [DEBUG] cheese - null
[2022-02-10T16:55:31.891] [DEBUG] cheese - login => username:admin,password:123456
[2022-02-10T16:55:31.891] [DEBUG] cheese - admin
[2022-02-10T16:55:31.894] [DEBUG] cheese - null
[2022-02-10T16:55:31.894] [DEBUG] cheese - null
[2022-02-10T16:57:25.289] [DEBUG] cheese - login => username:admin,password:123456
[2022-02-10T16:57:25.289] [DEBUG] cheese - admin
[2022-02-10T16:57:25.294] [DEBUG] cheese - null
[2022-02-10T16:57:25.294] [DEBUG] cheese - null
[2022-02-10T17:00:28.476] [DEBUG] cheese - login => username:admin,password:123456
[2022-02-10T17:00:28.476] [DEBUG] cheese - admin
[2022-02-10T17:00:28.478] [DEBUG] cheese - null
[2022-02-10T17:00:28.478] [DEBUG] cheese - null
[2022-02-10T17:02:03.814] [DEBUG] cheese - login => username:admin,password:123456
[2022-02-10T17:02:03.814] [DEBUG] cheese - admin
[2022-02-10T17:02:03.817] [DEBUG] cheese - null
[2022-02-10T17:02:03.817] [DEBUG] cheese - null
[2022-02-10T19:30:29.611] [DEBUG] cheese - login => username:admin,password:123456
[2022-02-10T19:30:29.612] [DEBUG] cheese - admin
[2022-02-10T19:30:29.620] [DEBUG] cheese - null
[2022-02-10T19:30:29.620] [DEBUG] cheese - null
[2022-02-10T19:32:30.898] [DEBUG] cheese - login => username:admin,password:123456
[2022-02-10T19:32:30.898] [DEBUG] cheese - admin
[2022-02-10T19:32:30.902] [DEBUG] cheese - null
[2022-02-10T19:32:30.902] [DEBUG] cheese - null
[2022-02-10T19:37:49.893] [DEBUG] cheese - login => username:admin,password:123456
[2022-02-10T19:37:49.893] [DEBUG] cheese - admin
[2022-02-10T19:37:49.896] [DEBUG] cheese - null
[2022-02-10T19:37:49.896] [DEBUG] cheese - null
[2022-02-10T19:37:51.798] [DEBUG] cheese - login => username:admin,password:123456
[2022-02-10T19:37:51.799] [DEBUG] cheese - admin
[2022-02-10T19:37:51.800] [DEBUG] cheese - null
[2022-02-10T19:37:51.801] [DEBUG] cheese - null
[2022-02-10T19:37:57.924] [DEBUG] cheese - login => username:admin,password:123456
[2022-02-10T19:37:57.924] [DEBUG] cheese - admin
[2022-02-10T19:37:57.926] [DEBUG] cheese - null
[2022-02-10T19:37:57.926] [DEBUG] cheese - null
[2022-02-10T19:38:04.186] [DEBUG] cheese - login => username:admin,password:123456
[2022-02-10T19:38:04.186] [DEBUG] cheese - admin
[2022-02-10T19:38:04.187] [DEBUG] cheese - null
[2022-02-10T19:38:04.187] [DEBUG] cheese - null
[2022-02-10T19:38:09.933] [DEBUG] cheese - login => username:admin,password:123456
[2022-02-10T19:38:09.933] [DEBUG] cheese - admin
[2022-02-10T19:38:09.935] [DEBUG] cheese - null
[2022-02-10T19:38:09.935] [DEBUG] cheese - null
[2022-02-10T19:38:14.115] [DEBUG] cheese - login => username:admin,password:123456
[2022-02-10T19:38:14.115] [DEBUG] cheese - admin
[2022-02-10T19:38:14.117] [DEBUG] cheese - null
[2022-02-10T19:38:14.117] [DEBUG] cheese - null
[2022-02-10T19:38:28.638] [DEBUG] cheese - login => username:admin,password:123456
[2022-02-10T19:38:28.638] [DEBUG] cheese - admin
[2022-02-10T19:38:28.640] [DEBUG] cheese - null
[2022-02-10T19:38:28.640] [DEBUG] cheese - null
[2022-02-10T19:38:45.248] [DEBUG] cheese - login => username:admin,password:123456
[2022-02-10T19:38:45.248] [DEBUG] cheese - admin
[2022-02-10T19:38:45.250] [DEBUG] cheese - null
[2022-02-10T19:38:45.250] [DEBUG] cheese - null
[2022-02-10T19:38:52.605] [DEBUG] cheese - login => username:admin,password:123456
[2022-02-10T19:38:52.605] [DEBUG] cheese - admin
[2022-02-10T19:38:52.607] [DEBUG] cheese - null
[2022-02-10T19:38:52.607] [DEBUG] cheese - null
[2022-02-10T19:41:37.563] [DEBUG] cheese - login => username:admin,password:123456
[2022-02-10T19:41:37.563] [DEBUG] cheese - admin
[2022-02-10T19:41:37.565] [DEBUG] cheese - null
[2022-02-10T19:41:37.565] [DEBUG] cheese - null
